20240319	16:58:56	95480063-fb86-4d80-8d93-5e4eb2cfd9ff	GET	/api/user	undefined
20240319	16:59:27	6c9aabf1-c435-4e8e-8534-2503869a5763	GET	/api/user	undefined
20240319	17:05:34	da073b13-1a5c-426c-a3a1-bf9908f3287d	GET	/api/user	undefined
20240319	17:10:41	f857341c-cb9b-4a5b-9f36-8fe3a8144679	GET	/api/intrest/intrest	undefined
20240319	17:13:45	7ec95efd-2141-41c2-908c-e380320bd2b4	POST	/api/post	undefined
20240319	17:13:46	b109df02-5f6d-45d7-9d0c-c723eca1a60e	GET	/api/user	undefined
20240319	17:13:54	e528038f-5002-485a-8554-848aa6343246	GET	/api/user	undefined
20240319	17:13:56	bc7202ab-5386-452a-800e-3c1b8c02d514	GET	/api/user	undefined
20240319	17:13:57	236ffbf1-765a-42f4-aa19-f2fea7e27f6e	GET	/1710848625898.jpg	undefined
20240319	17:13:57	421d423f-fb18-4f4b-82eb-a35534949c9f	GET	/1710848633117.jpg	undefined
20240319	17:13:57	32288773-0826-48ae-b057-d4b3e410abc9	GET	/1710848629911.jpg	undefined
20240319	17:13:57	4cffd91c-ba03-485a-817c-d4a2ed9842c9	GET	/1710848634005.jpg	undefined
20240319	17:13:57	0ca62280-73e4-4bbb-9b96-74186afecfcd	GET	/1710848634800.jpg	undefined
20240319	17:14:00	268bf921-a661-4194-bec3-6b56d306de47	GET	/1710848635474.jpg	undefined
20240319	17:14:01	9910e4d8-0e91-451f-bd45-bb19ee6284a2	GET	/api/user	undefined
20240319	17:16:32	4d7c6acd-8a48-4c63-8579-b4d0f94b5f6a	GET	/api/user	undefined
20240319	17:16:32	87961809-a48d-4db0-843e-629f44d1cc34	GET	/api/user	undefined
20240319	17:16:34	b06355b1-88e6-4a28-a032-c481cb95791e	GET	/api/user	undefined
20240319	18:04:35	4f934fe8-4540-4b5b-821d-2c396c437826	GET	/api/profiles?oppositegender=	undefined
20240319	18:04:36	907e9c4e-d189-4c06-bdaa-36a067fa0f5b	GET	/api/profiles?oppositegender=undefined	undefined
20240319	18:04:53	ed7b8338-165e-4b42-8cee-dfe9cc164405	GET	/api/intrest/intrest	undefined
20240319	18:05:29	b1154025-58f4-46e8-a560-68c0528af13a	POST	/api/post	undefined
20240319	18:05:29	66b393c8-a040-4ae8-9d0c-3c45067ed000	GET	/api/profiles?oppositegender=undefined	undefined
20240319	18:05:41	0dc37326-36ac-447c-b91b-56a291126ff9	GET	/api/profiles?oppositegender=undefined	undefined
20240319	18:05:46	62bed1fb-0306-4599-b81b-e11e27da0c56	GET	/api/profiles?oppositegender=%F0%9F%99%8B%F0%9F%8F%BB%E2%80%8D%E2%99%80%EF%B8%8F%20Girl	undefined
20240319	18:05:50	18d4e83d-6191-48cd-9193-c1f221e77523	GET	/api/profiles?oppositegender=%F0%9F%99%8B%F0%9F%8F%BB%E2%80%8D%E2%99%80%EF%B8%8F%20Girl	undefined
20240319	18:05:57	4bdefcfe-c4a9-42ac-864d-79a6263d6767	GET	/api/showLetter	undefined
20240319	18:09:51	db25b92a-1841-4487-aa59-b58c71f26b3f	GET	/api/profiles?oppositegender=%F0%9F%99%8B%F0%9F%8F%BB%E2%80%8D%E2%99%80%EF%B8%8F%20Girl	undefined
20240319	18:10:14	a81ecdaf-946a-4cd0-90e3-bb8d31a87b07	GET	/api/intrest/intrest	undefined
20240319	18:10:51	cd51373f-aee9-417f-8261-4cd146e1970c	POST	/api/post	undefined
20240319	18:10:52	b71583f3-a562-49c7-b6aa-db266374ce01	GET	/api/profiles?oppositegender=undefined	undefined
20240319	18:10:56	5cdbbdf8-cfcb-4aca-8356-fe22f19fdd97	GET	/api/profiles?oppositegender=undefined	undefined
20240319	18:10:58	4bf3f4bb-2682-449c-8f72-c6abf34330cd	GET	/api/profiles?oppositegender=undefined	undefined
20240319	18:11:08	98161977-dc79-4a16-a56f-13019ed56493	GET	/api/profiles?oppositegender=undefined	undefined
20240319	18:11:22	cee8392f-db0c-47e0-b325-bbe27b9a63e4	GET	/api/profiles?oppositegender=%F0%9F%99%8B%F0%9F%8F%BB%20Boy	undefined
20240319	18:11:27	986c4938-3d5e-47ef-95c2-7696015d6566	GET	/api/profiles?oppositegender=%F0%9F%99%8B%F0%9F%8F%BB%20Boy	undefined
20240319	18:11:29	96658309-e839-4739-bbfa-944b3dec6497	GET	/api/profiles?oppositegender=%F0%9F%99%8B%F0%9F%8F%BB%20Boy	undefined
20240319	18:11:37	9cb8ca86-54f7-4311-893f-e63a7d005879	GET	/api/profiles?oppositegender=%F0%9F%99%8B%F0%9F%8F%BB%20Boy	undefined
20240319	18:12:20	fde8ee2a-0123-4aba-96ba-ae564ff0f5e3	GET	/api/profiles?oppositegender=%F0%9F%99%8B%F0%9F%8F%BB%20Boy	undefined
20240319	18:12:31	e23cad5a-fc99-4f07-a5eb-d636062a8dfe	GET	/api/profiles?oppositegender=	undefined
20240319	18:12:52	a18ebdad-fbcc-4eb2-9583-1b2dde062b6e	GET	/api/profiles?oppositegender=%F0%9F%99%8B%F0%9F%8F%BB%20Boy	undefined
20240319	18:12:58	202015de-c343-4c29-aa84-9efc2840a225	GET	/api/profiles?oppositegender=%F0%9F%99%8B%F0%9F%8F%BB%20Boy	undefined
20240319	18:13:21	a98f86c3-9840-4178-a135-1e582478f2e7	GET	/api/profiles?oppositegender=%F0%9F%99%8B%F0%9F%8F%BB%E2%80%8D%E2%99%80%EF%B8%8F%20Girl	undefined
20240319	18:13:23	1b5a6f01-8092-4caf-878d-54778df1b971	GET	/api/profiles?oppositegender=%F0%9F%99%8B%F0%9F%8F%BB%E2%80%8D%E2%99%80%EF%B8%8F%20Girl	undefined
20240319	18:13:33	28c63338-a52b-4eff-acfa-1b088b969d06	GET	/api/profiles?oppositegender=undefined	undefined
20240319	18:14:04	1feb86bf-67f9-485a-80a1-0739b90d1e7e	GET	/api/profiles?oppositegender=%F0%9F%99%8B%F0%9F%8F%BB%20Boy	undefined
20240319	18:14:24	644274b5-6055-471c-bb2d-814d4f73f455	GET	/api/profiles?name=kowsliya	undefined
20240319	18:15:14	87198ab7-1fa7-48ad-9f68-b9d66a7d88fc	GET	/sample/samplpe?oppositegender=%F0%9F%99%8B%F0%9F%8F%BB%20Boy	undefined
20240319	18:15:27	c5ad6853-aaa9-4bec-bb4d-9ad8dbb1ab5c	GET	/api/user	undefined
20240319	18:15:42	67ed94cc-8517-415a-85ba-3e8f1b3ac83f	GET	/api/profiles?oppositeGender=%F0%9F%99%8B%F0%9F%8F%BB%E2%80%8D%E2%99%80%EF%B8%8F%20Girl	undefined
20240319	18:15:44	a99fe77d-aa99-43a1-a543-6e00715c942a	GET	/1710848625898.jpg	undefined
20240319	18:15:44	814888c9-fc4a-4194-99e5-2d3d6777c816	GET	/1710848629911.jpg	undefined
20240319	18:15:44	245f9d86-7bee-48fa-8445-9ad59adf3f53	GET	/1710848634005.jpg	undefined
20240319	18:15:44	b3aea54a-3592-4bac-bb6b-5e4632b41a88	GET	/1710848635474.jpg	undefined
20240319	18:15:44	95c7dc3b-12e1-4a24-bf7a-b7ec7e6aaded	GET	/1710848633117.jpg	undefined
20240319	18:15:45	515cb1a9-7743-494b-810c-2c6c998439e3	GET	/1710848634800.jpg	undefined
20240319	18:15:47	803b3be6-ef79-41df-8a4a-7ea65b19da1f	GET	/api/profiles?oppositeGender=%F0%9F%99%8B%F0%9F%8F%BB%E2%80%8D%E2%99%80%EF%B8%8F%20Girl	undefined
20240319	18:18:04	9dfba437-9ada-44c1-bd3d-9910c8b93c86	GET	/api/profiles?oppositeGender=%F0%9F%99%8B%F0%9F%8F%BB%E2%80%8D%E2%99%80%EF%B8%8F%20Girl	undefined
20240319	18:18:06	53162cee-4b9f-49cb-af5c-f12e9b48a470	GET	/api/profiles?oppositeGender=%F0%9F%99%8B%F0%9F%8F%BB%E2%80%8D%E2%99%80%EF%B8%8F%20Girl	undefined
20240319	18:18:35	9e609573-7ae4-4606-9ca8-c1676db52029	GET	/api/profiles?oppositeGender=undefined	undefined
20240319	18:18:38	89b1f443-8181-49bc-8610-8727c7c04d51	GET	/api/profiles?oppositeGender=%F0%9F%99%8B%F0%9F%8F%BB%E2%80%8D%E2%99%80%EF%B8%8F%20Girl	undefined
20240319	18:18:39	bdf4afcf-212a-4c86-b528-e23e95b6537c	GET	/api/profiles?oppositeGender=%F0%9F%99%8B%F0%9F%8F%BB%E2%80%8D%E2%99%80%EF%B8%8F%20Girl	undefined
20240319	18:18:41	22787a68-54dc-401f-bd8d-24ec3671ca10	GET	/api/profiles?oppositeGender=%F0%9F%99%8B%F0%9F%8F%BB%E2%80%8D%E2%99%80%EF%B8%8F%20Girl	undefined
20240319	18:18:42	1d5b79c2-841e-4342-a79b-69ecd0c4d25c	GET	/api/profiles?oppositeGender=%F0%9F%99%8B%F0%9F%8F%BB%E2%80%8D%E2%99%80%EF%B8%8F%20Girl	undefined
20240319	18:18:43	dc9a85dd-0324-4145-bb7a-decb2423e4e2	GET	/api/profiles?oppositeGender=%F0%9F%99%8B%F0%9F%8F%BB%E2%80%8D%E2%99%80%EF%B8%8F%20Girl	undefined
20240319	18:18:43	19707b6b-3bf8-4720-9a25-0ca38d0971dd	GET	/api/profiles?oppositeGender=%F0%9F%99%8B%F0%9F%8F%BB%E2%80%8D%E2%99%80%EF%B8%8F%20Girl	undefined
20240319	18:18:44	500c5a89-572d-4788-9b8e-79e6949634fa	GET	/api/profiles?oppositeGender=%F0%9F%99%8B%F0%9F%8F%BB%E2%80%8D%E2%99%80%EF%B8%8F%20Girl	undefined
20240319	18:18:44	11c054d2-91c5-49d0-8205-ba69637df3d1	GET	/api/profiles?oppositeGender=%F0%9F%99%8B%F0%9F%8F%BB%E2%80%8D%E2%99%80%EF%B8%8F%20Girl	undefined
20240319	18:18:45	d64a09b8-b2db-46b0-b3b7-1077346e000d	GET	/api/profiles?oppositeGender=%F0%9F%99%8B%F0%9F%8F%BB%E2%80%8D%E2%99%80%EF%B8%8F%20Girl	undefined
20240319	18:18:45	4582ae03-a2a8-4c7f-b709-0dfc62bfb8d3	GET	/api/profiles?oppositeGender=%F0%9F%99%8B%F0%9F%8F%BB%E2%80%8D%E2%99%80%EF%B8%8F%20Girl	undefined
20240319	18:18:46	2844060f-b123-4c12-9a5b-cad704722561	GET	/api/profiles?oppositeGender=%F0%9F%99%8B%F0%9F%8F%BB%E2%80%8D%E2%99%80%EF%B8%8F%20Girl	undefined
20240319	18:19:48	353d1454-5150-48f2-b131-7be04f0ce56c	GET	/api/intrest/intrest	undefined
20240319	18:20:29	c51f0f4d-58ea-4261-bc1b-2e8933b0242a	POST	/api/post	undefined
20240319	18:20:29	25177022-72d3-410a-bdfe-701e1c514b40	GET	/api/profiles?oppositeGender=undefined	undefined
20240319	18:20:32	152ddbee-bd25-484d-8cbf-b2a610aae6c9	GET	/api/profiles?oppositeGender=undefined	undefined
20240319	18:20:42	06ff8852-a745-4d02-a4d1-d45fab0de856	GET	/api/profiles?oppositeGender=undefined	undefined
20240319	18:20:45	d097cb70-3c9e-4b28-8534-a19866f47068	GET	/api/profiles?oppositeGender=%F0%9F%99%8B%F0%9F%8F%BB%20Boy	undefined
20240319	18:20:45	e94c3cb6-3cec-4138-8acc-62c3057afdc9	GET	/1710852051371.jpg	undefined
20240319	18:20:45	04a161f0-ddc8-4171-aa7f-46ed5df90629	GET	/1710852051391.jpg	undefined
20240319	18:20:45	29be854f-7484-44b4-b7c3-13c67d43ace3	GET	/1710852053008.jpg	undefined
20240319	18:20:45	9e172f2f-9032-496e-9bb4-ae4fb98f2bb3	GET	/1710852053087.jpg	undefined
20240319	18:20:45	3068ae18-0e2c-4094-ae32-2499a76325ba	GET	/1710852053099.jpg	undefined
20240319	18:20:46	853be801-18b2-49e9-a410-0fde078ba835	GET	/api/profiles?oppositeGender=%F0%9F%99%8B%F0%9F%8F%BB%20Boy	undefined
20240319	18:20:46	cb3f04a9-0259-4c24-be62-6950997bba19	GET	/api/profiles?oppositeGender=%F0%9F%99%8B%F0%9F%8F%BB%20Boy	undefined
20240319	18:21:36	3bad6a8d-bef5-41a3-9e13-9bf4ef6985ed	GET	/api/profiles?oppositeGender=%F0%9F%99%8B%F0%9F%8F%BB%20Boy	undefined
20240319	18:21:38	777637f7-ada0-42cd-bc0f-138aeb9d2949	GET	/api/profiles?oppositeGender=%F0%9F%99%8B%F0%9F%8F%BB%20Boy	undefined
20240319	18:21:46	d8627a4a-e31f-4367-a0d3-3901bb829c39	GET	/api/profiles?oppositeGender=undefined	undefined
20240319	18:21:48	6b90d7f5-4195-4379-a845-84a37e3f110f	GET	/api/profiles?oppositeGender=%F0%9F%99%8B%F0%9F%8F%BB%20Boy	undefined
20240319	18:33:06	564af4ff-ee0d-4cb2-ab47-81729c14e525	GET	/api/profiles?oppositeGender=undefined	undefined
20240319	18:33:09	e59d6f14-a3c1-4fd6-a409-a7aff5bb81d0	GET	/api/profiles?oppositeGender=%F0%9F%99%8B%F0%9F%8F%BB%20Boy	undefined
20240319	18:33:33	e4e88392-f10d-4b0a-9670-17850081a3f4	GET	/api/intrest/intrest	undefined
20240319	18:34:28	1be6666e-0083-469d-b41a-53bdfe86ea95	POST	/api/post	undefined
20240319	18:34:29	80fa5a8f-19f5-4dc4-9e36-50d5ac5eaa5a	GET	/api/profiles?oppositeGender=undefined	undefined
20240319	18:34:32	ecd9e7fd-3402-4ded-b2b4-7c07c64fba30	GET	/api/profiles?oppositeGender=undefined	undefined
20240319	18:34:34	908a01fc-7e6c-4318-a26b-0685acc58f60	GET	/api/profiles?oppositeGender=undefined	undefined
20240319	18:34:44	f9b87ecf-c5ba-4924-ab4a-2ce99f84fdac	GET	/api/profiles?oppositeGender=undefined	undefined
20240319	18:34:48	b084cc36-c84e-44e0-be4a-db3b12e92277	GET	/api/profiles?oppositeGender=%F0%9F%99%8B%F0%9F%8F%BB%E2%80%8D%E2%99%80%EF%B8%8F%20Girl	undefined
20240319	18:34:51	5dfe39c7-d420-45d3-b079-72fd15f7dc6a	GET	/1710851729255.jpg	undefined
20240319	18:34:51	b0f101d6-d886-42e5-8dfa-0eec979c28bd	GET	/1710851729246.jpg	undefined
20240319	18:34:51	91a3cebc-bf80-4a62-93b0-a543a0265745	GET	/1710851730547.jpg	undefined
20240319	18:34:51	520989ef-de06-4200-bf53-3ed7fa79bb3b	GET	/1710851735038.jpg	undefined
20240319	18:34:51	3feb5c75-974a-4942-a852-a99358815829	GET	/1710851730601.jpg	undefined
20240319	18:34:51	39963493-1676-48ab-8eb9-3e4ec0713ecd	GET	/1710851735020.jpg	undefined
20240319	18:34:56	f37f5c12-436f-4286-881a-5b57ade8e1fe	GET	/1710852629151.jpg	undefined
20240319	18:34:56	27bf3077-ca05-4f49-8441-b8b3afaabd73	GET	/1710852629821.jpg	undefined
20240319	18:34:56	dca8af4b-6feb-4215-a7b7-cbc76b960c42	GET	/1710852629801.jpg	undefined
20240319	18:35:24	bc815fa3-8472-4de3-b0bd-e2103a97fdd0	GET	/api/profiles?oppositeGender=%F0%9F%99%8B%F0%9F%8F%BB%E2%80%8D%E2%99%80%EF%B8%8F%20Girl	undefined
20240319	18:38:48	26a9f9e9-4fe4-4c10-8b8a-faa775e59b97	GET	/api/profiles?oppositeGender=%F0%9F%99%8B%F0%9F%8F%BB%E2%80%8D%E2%99%80%EF%B8%8F%20Girl	undefined
20240319	18:38:52	237173d2-948c-4af6-8588-886dbd784423	GET	/api/showLetter	undefined
20240319	18:39:03	98d17b14-2c88-4bb6-90ce-92c2cf9253e0	GET	/api/profile/65f98a15fb3a186a0a878474	undefined
20240319	18:39:07	9be03b46-c795-4907-a110-f8e021271a9c	POST	/api/letter	undefined
20240319	18:39:11	2ec78957-1d2d-436b-9ac0-ad17355562d4	GET	/api/showLetter	undefined
20240319	18:39:26	a3224bca-1e41-4408-bcbc-135112fc8754	POST	/api/letter	undefined
20240319	18:39:30	77225336-b489-4873-acf6-26d63513cfd8	GET	/api/showLetter	undefined
20240319	18:39:31	0ea07730-3244-4430-949b-58668061e7fa	GET	/api/showLetter	undefined
20240319	18:39:32	43753ae7-bc38-43f6-bb97-02c5cbe4f85b	GET	/api/showLetter	undefined
20240319	18:39:34	c1d91375-1f0e-4ed6-937c-c5e09644373b	GET	/api/showLetter	undefined
20240319	18:39:35	722f4c21-71b4-4b0f-98ae-00b959854331	GET	/api/showLetter	undefined
20240319	18:39:36	ee3e0609-a8ec-474b-82f0-43e890c5b937	GET	/api/showLetter	undefined
20240319	18:39:36	ba337f99-87d7-49a3-b0ec-7227894b4cc1	GET	/api/showLetter	undefined
20240319	18:39:38	1691dbf7-3ace-4b47-bcca-96bb9db0cb18	GET	/api/showLetter	undefined
20240319	18:39:41	66aa7959-a36d-4235-beb8-a545950bd04c	GET	/api/showLetter	undefined
20240319	18:39:51	9045ac6a-c7fe-413c-bffa-f59f3ac4ebfc	GET	/api/inapppurches/premium	undefined
20240319	18:40:27	683689f8-f683-4aa9-b2f3-cff82c9acc30	GET	/api/intrest/intrest	undefined
20240319	18:41:23	92652c2a-43ec-465c-9bbd-a8bf3d1b8139	POST	/api/post	undefined
20240319	18:41:24	4d65d028-9f53-43ab-8fd0-870151775496	GET	/api/profiles?oppositeGender=undefined	undefined
20240319	18:41:26	706725e6-9d2a-466c-bdd7-be4f9d21fcb1	GET	/api/profiles?oppositeGender=undefined	undefined
20240319	18:41:30	92b4eb9a-1478-4e19-9f51-698f44149dba	GET	/api/profiles?oppositeGender=undefined	undefined
20240319	18:41:31	6093a296-b1c6-4513-90e0-01a8065cde34	GET	/api/profiles?oppositeGender=undefined	undefined
20240319	18:41:40	b930c029-091c-499e-a615-636d22c00bf2	GET	/api/profiles?oppositeGender=undefined	undefined
20240319	18:41:42	0f2b05c8-26e7-4f6a-9a2a-8be4f471a6b0	GET	/api/profiles?oppositeGender=%F0%9F%99%8B%F0%9F%8F%BB%20Boy	undefined
20240319	18:41:43	19963f6f-a1bd-4471-95ad-ebe645b19df9	GET	/1710852051371.jpg	undefined
20240319	18:41:43	2251a824-99e1-46e7-a1c2-be6f6decbcab	GET	/1710852051391.jpg	undefined
20240319	18:41:49	7c5d345d-b28c-4bf2-87ed-3b950a5d7517	GET	/1710853469066.jpg	undefined
20240319	18:41:49	c3f13698-f4a0-4acd-977a-89745d1f369f	GET	/1710853468785.jpg	undefined
20240319	18:41:49	50ad3f30-da55-44fe-99df-644add0d1ecc	GET	/1710853469056.jpg	undefined
20240319	18:41:49	7704580b-5035-4e10-b35a-559211667976	GET	/1710853469001.jpg	undefined
20240322	05:01:53	88a60a8b-f6b7-422d-8ed3-7120df3e6dbf	GET	/api/profiles?oppositeGender=undefined	undefined
20240322	05:03:26	cd2548bf-d75c-40f2-ab44-3e498ce7c0ef	GET	/api/profiles?oppositeGender=%F0%9F%99%8B%F0%9F%8F%BB%20Boy	undefined
20240322	05:03:27	b5695038-f467-4862-a4b2-6afaa0d42f92	GET	/1710852053008.jpg	undefined
20240322	05:03:27	17b31694-b2bb-4baf-8b7b-bdb1276ef1e8	GET	/1710852051391.jpg	undefined
20240322	05:03:27	da532ca8-ca60-4e22-a610-6d62df277416	GET	/1710852053087.jpg	undefined
20240322	05:03:27	58892f59-f72f-414e-ab8c-f231973cdd71	GET	/1710852051371.jpg	undefined
20240322	05:03:27	5b36eb0e-df77-45cc-98d0-e0daf6010739	GET	/1710852053099.jpg	undefined
20240322	05:03:31	ed0c31d2-cfea-4960-a570-638cdbc49143	GET	/api/profiles?oppositeGender=%F0%9F%99%8B%F0%9F%8F%BB%20Boy	undefined
20240322	05:03:34	e884927d-c7ee-4a3d-b695-c5ab05df4233	GET	/api/profiles?oppositeGender=%F0%9F%99%8B%F0%9F%8F%BB%20Boy	undefined
20240322	05:03:38	89aeda85-c7c8-497b-978a-80ebc75a659e	GET	/api/profiles?oppositeGender=%F0%9F%99%8B%F0%9F%8F%BB%20Boy	undefined
20240322	05:03:41	6339b515-9706-49f2-9a03-8ba26aa2f047	GET	/api/profiles?oppositeGender=%F0%9F%99%8B%F0%9F%8F%BB%20Boy	undefined
20240322	05:03:47	2a2212db-1e43-4a37-9407-47a265c6a5b8	GET	/api/profiles?oppositeGender=%F0%9F%99%8B%F0%9F%8F%BB%20Boy	undefined
20240322	05:04:05	3f70ab3f-94e4-49d6-b64d-49c78089ff4a	GET	/1710853469056.jpg	undefined
20240322	05:04:05	01f126ab-f8b4-4032-8809-f8167d3f4075	GET	/1710853469066.jpg	undefined
20240322	05:04:05	38f9fa27-0293-4e36-a071-355cf75a88eb	GET	/1710853468785.jpg	undefined
20240322	05:04:05	3692e6fd-77eb-450a-939a-ef6026881e15	GET	/1710853469001.jpg	undefined
20240322	05:09:11	601413cf-9114-48c0-bf34-7c9f73e9674c	GET	/api/profile/65f987d5fb3a186a0a87844f	undefined
20240322	05:09:49	723f2a60-bfde-47d2-8eee-196f17d40bc7	GET	/api/profile/undefined	undefined
20240322	05:10:28	e273fed7-c84c-47fb-b742-66d2c3b9e702	GET	/api/profile/65f98d5dfb3a186a0a878482	undefined
20240322	05:10:39	f4edc9d0-34fe-4f45-a7ff-729f8d9f30f5	GET	/api/profile/65f987d5fb3a186a0a87844f	undefined
20240322	05:13:56	cadaa99d-81b5-4e2a-883c-34eb8f306a8c	GET	/api/profiles?oppositeGender=%F0%9F%99%8B%F0%9F%8F%BB%20Boy	undefined
20240322	05:14:41	9947ec5c-507b-4aa3-bd91-d75ef9e8abdd	POST	/api/letter	undefined
20240322	05:14:54	20682b54-a30b-4596-b34f-0e28b9aaefca	GET	/api/showLetter	undefined
20240322	05:14:56	f4c51f63-7a54-4bd5-9b11-85fbf22dd092	GET	/api/showLetter	undefined
20240322	05:14:59	8f4b3451-bd3a-44ea-ba28-ec0b308b7ac5	GET	/api/showLetter	undefined
20240322	05:15:00	14af47fc-0953-4779-a18f-1b09dfbd3ff7	GET	/api/showLetter	undefined
20240322	05:15:00	af3e5cb1-1b52-4061-826b-cc3a0f95c2f2	GET	/api/showLetter	undefined
20240322	05:15:02	f91408b1-ced1-408e-9334-ecf73333c596	GET	/api/showLetter	undefined
20240322	05:15:03	77991249-774a-4f34-923c-6a26e781b80f	GET	/api/showLetter	undefined
20240322	05:15:11	b693ae15-5b0c-4602-a355-e5cfe3b484d7	GET	/api/profiles?oppositeGender=%F0%9F%99%8B%F0%9F%8F%BB%20Boy	undefined
20240322	07:26:59	5d5a497c-a68b-4628-8d18-2bd519d6dcf7	GET	/sample/samplpe?oppositegender=%F0%9F%99%8B%F0%9F%8F%BB%20Boy	undefined
20240322	07:27:21	56a4251f-ebad-4a8c-b077-99a412197cb0	GET	/api/user	undefined
20240322	07:49:26	560bc965-55a0-46fe-9041-35d75932bb21	GET	/1710851729246.jpg	undefined
20240322	07:49:29	5948097f-5e15-48f2-b14e-a684414ca64b	POST	/api/letter	undefined
20240322	07:49:34	5a328cda-e11f-4073-a89b-3877c07b960a	POST	/api/letter	undefined
20240322	08:00:14	4805d337-07f6-4517-8b19-e2707f21e84d	GET	/1710848625898.jpg	undefined
20240322	08:00:21	6d4a9c49-53de-402e-9d21-0312434f9661	POST	/api/letter	undefined
20240322	08:00:46	a123efee-9ea8-4d35-9b63-9abe9a710519	POST	/api/letter	undefined
20240322	08:04:27	3627ef44-2290-46d3-8413-fdf5d06cd6ce	POST	/api/letter	undefined
20240322	08:08:37	2b8648ce-81ce-45f1-99ed-8887766b3899	POST	/api/letter	undefined
20240322	08:08:40	b40b463f-69dc-42e8-9e5e-9884d43aad16	POST	/api/letter	undefined
20240322	08:08:42	02249c56-55d1-48ba-96f6-4b30d2318c5a	POST	/api/letter	undefined
20240322	08:08:43	7aec5222-f224-4553-a13c-cd3c3aaf640a	POST	/api/letter	undefined
20240322	08:08:43	8c6497fb-6714-4af7-b6fd-7a5fd1c47674	POST	/api/letter	undefined
20240322	08:08:43	6caf1688-8d48-43e1-893a-15a5fd3ce48a	POST	/api/letter	undefined
20240322	08:08:43	717bd6b0-4d0a-4616-a8ba-27acbc0cf18c	POST	/api/letter	undefined
20240322	08:09:14	181c71c0-41cc-4965-8507-cd8246363568	POST	/api/letter	undefined
20240322	08:09:16	a6cffd52-f0c1-4fd7-85d6-9287527b62bb	POST	/api/letter	undefined
20240322	08:09:17	6bfedf84-c570-412e-8f20-8f4819b5d9bb	POST	/api/letter	undefined
20240322	08:09:18	fbaa1029-f0f5-4fb8-b245-3770aa2f7f9e	POST	/api/letter	undefined
20240322	08:14:45	e801b612-500b-4105-a770-57add057c5d8	POST	/api/letter	undefined
20240322	08:14:47	85174f34-023e-4bf2-b8a0-e833198bea57	POST	/api/letter	undefined
20240322	08:14:52	7a9d90eb-1b92-4930-b5d2-0989fe821839	POST	/api/letter	undefined
20240322	08:15:34	3b40d40d-e2f3-4110-adfb-54490add5a72	POST	/api/letter	undefined
20240322	08:20:10	7a808fde-41b6-4b59-91ca-bbe3cc34a64b	POST	/api/letter	undefined
20240322	08:20:16	4e510f81-13c6-4767-a331-509b2cd12420	POST	/api/letter	undefined
20240322	08:21:11	9d561749-7635-42c5-a9ce-c9af87eadb0e	GET	/api/showLetter	undefined
20240322	08:21:15	eac0cb49-9e9d-4c19-ba80-d6f22a37292a	GET	/api/showLetter	undefined
20240322	08:21:34	d1238e13-38c9-499e-821b-814db448b0e1	GET	/api/showLetter	undefined
20240322	08:25:15	dd759816-96aa-44ea-83de-17ce9787c4ba	GET	/api/showLetter	undefined
20240322	08:25:16	043db217-217c-46cf-9346-2fa27a83a5d8	GET	/api/showLetter	undefined
20240322	08:25:16	7657ee13-82f1-4bd2-9b3d-acc34973bea1	GET	/api/showLetter	undefined
20240322	08:25:17	782f7d4b-f59f-4e7e-bfd8-ae99f59e9784	GET	/api/showLetter	undefined
20240322	08:25:49	2b78ddff-aad9-4739-a7bc-d0e142efe99d	POST	/api/letter	undefined
20240322	08:25:49	3d0fb782-1c6f-4f4c-9dc5-f108b81dbc38	GET	/1711087803675.jpg	undefined
20240322	08:26:01	461651f8-89a9-40b6-bb97-9f8054dfdae3	POST	/api/letter	undefined
20240322	08:26:05	4c467a25-e862-4c5d-a642-6785611550a5	GET	/api/showLetter	undefined
20240322	08:27:22	fb7f2da5-1598-48a6-b379-b30cad5b178d	POST	/api/letter	undefined
20240322	08:27:23	ec24aea7-c220-41a1-972e-f42209b0ca6b	GET	/1711087803675.jpg	undefined
20240322	08:27:25	5395db19-7364-47f0-8f40-abd52ad09c3d	POST	/api/letter	undefined
20240322	08:27:28	6150fce0-89d4-4ee8-a081-baf059999ae3	POST	/api/letter	undefined
20240322	08:27:32	9886a8d8-74b2-49f1-a74a-b9832915f99b	GET	/api/showLetter	undefined
20240322	11:51:34	711cfdb3-5c3e-478a-9685-0b1a1ce54fcc	GET	/	undefined
20240322	11:51:40	76c813c7-7d09-4869-b017-85b77991ed04	GET	/api/users	undefined
20240322	11:51:45	c98fb314-48eb-4f85-a118-19b8e8f65dcb	GET	/api/user	undefined
20240322	11:52:00	db59daa9-866b-4277-99e2-541884b7c4ea	GET	/api/letter	undefined
